src\test\java\base\BaseTest.java:6: error: package org.apache.commons.lang does not exist
import org.apache.commons.lang.StringUtils;
                              ^
src\test\java\base\BaseTest.java:7: error: package org.openqa.selenium does not exist
import org.openqa.selenium.WebDriver;
                          ^
src\test\java\base\BaseTest.java:8: error: package org.openqa.selenium.chrome does not exist
import org.openqa.selenium.chrome.ChromeDriver;
                                 ^
src\test\java\base\BaseTest.java:9: error: package org.openqa.selenium.chrome does not exist
import org.openqa.selenium.chrome.ChromeOptions;
                                 ^
src\test\java\base\BaseTest.java:10: error: package org.openqa.selenium.interactions does not exist
import org.openqa.selenium.interactions.Actions;
                                       ^
src\test\java\base\BaseTest.java:11: error: package org.openqa.selenium.remote does not exist
import org.openqa.selenium.remote.DesiredCapabilities;
                                 ^
src\test\java\base\BaseTest.java:29: error: cannot find symbol
    protected static WebDriver driver;
                     ^
  symbol:   class WebDriver
  location: class BaseTest
src\test\java\base\BaseTest.java:30: error: cannot find symbol
    protected static Actions actions;
                     ^
  symbol:   class Actions
  location: class BaseTest
src\test\java\base\BaseTest.java:32: error: cannot find symbol
    DesiredCapabilities capabilities;
    ^
  symbol:   class DesiredCapabilities
  location: class BaseTest
src\test\java\base\BaseTest.java:33: error: cannot find symbol
    ChromeOptions chromeOptions;
    ^
  symbol:   class ChromeOptions
  location: class BaseTest
src\test\java\base\BaseTest.java:93: error: cannot find symbol
    public ChromeOptions chromeOptions() {
           ^
  symbol:   class ChromeOptions
  location: class BaseTest
src\test\java\step\BaseSteps.java:3: error: package io.restassured does not exist
import io.restassured.RestAssured;
                     ^
src\test\java\step\BaseSteps.java:4: error: package io.restassured.response does not exist
import io.restassured.response.Response;
                              ^
src\test\java\step\BaseSteps.java:8: error: package org.junit.jupiter.api does not exist
import org.junit.jupiter.api.Assertions;
                            ^
src\test\java\step\BaseSteps.java:10: error: package org.openqa.selenium.support.ui does not exist
import org.openqa.selenium.support.ui.ExpectedConditions;
                                     ^
src\test\java\step\BaseSteps.java:11: error: package org.openqa.selenium.support.ui does not exist
import org.openqa.selenium.support.ui.WebDriverWait;
                                     ^
src\test\java\step\BaseSteps.java:12: error: package org.junit.jupiter.api does not exist
import static org.junit.jupiter.api.Assertions.*;
                                   ^
src\test\java\step\BaseSteps.java:17: error: cannot find symbol
    public static Response response;
                  ^
  symbol:   class Response
  location: class BaseSteps
src\test\java\step\BaseSteps.java:21: error: cannot find symbol
    WebElement findElement(String key) {
    ^
  symbol:   class WebElement
  location: class BaseSteps
src\test\java\step\BaseSteps.java:31: error: cannot find symbol
    public By getElementInfoToBy(ElementInfo elementInfo) {
           ^
  symbol:   class By
  location: class BaseSteps
src\test\java\step\BaseSteps.java:48: error: cannot find symbol
    private void clickElement(WebElement element) {
                              ^
  symbol:   class WebElement
  location: class BaseSteps
src\test\java\step\BaseSteps.java:51: error: cannot find symbol
    private void hoverElement(WebElement element) {
                              ^
  symbol:   class WebElement
  location: class BaseSteps
src\test\java\step\BaseSteps.java:54: error: cannot find symbol
    private boolean isDisplayedBy(By by) {
                                  ^
  symbol:   class By
  location: class BaseSteps
src\test\java\step\BaseSteps.java:60: error: cannot find symbol
    public WebElement findElementWithKey(String key) {
           ^
  symbol:   class WebElement
  location: class BaseSteps
src\test\java\step\BaseSteps.java:97: error: cannot find symbol
    public WebElement getElementWithKeyIfExists(String key) {
           ^
  symbol:   class WebElement
  location: class BaseSteps
src\test\java\step\BaseSteps.java:9: error: package org.openqa.selenium does not exist
import org.openqa.selenium.*;
^
src\test\java\base\BaseTest.java:44: error: cannot find symbol
        if (StringUtils.isEmpty(System.getenv("key"))) {
            ^
  symbol:   variable StringUtils
  location: class BaseTest
src\test\java\base\BaseTest.java:47: error: cannot find symbol
                    driver = new ChromeDriver(chromeOptions());
                                 ^
  symbol:   class ChromeDriver
  location: class BaseTest
src\test\java\base\BaseTest.java:53: error: cannot find symbol
                    driver = new ChromeDriver(chromeOptions());
                                 ^
  symbol:   class ChromeDriver
  location: class BaseTest
src\test\java\base\BaseTest.java:56: error: cannot find symbol
                actions = new Actions(driver);
                              ^
  symbol:   class Actions
  location: class BaseTest
src\test\java\base\BaseTest.java:94: error: cannot find symbol
        chromeOptions = new ChromeOptions();
                            ^
  symbol:   class ChromeOptions
  location: class BaseTest
src\test\java\base\BaseTest.java:95: error: cannot find symbol
        capabilities = DesiredCapabilities.chrome();
                       ^
  symbol:   variable DesiredCapabilities
  location: class BaseTest
src\test\java\step\BaseSteps.java:22: error: cannot find symbol
        By infoParam = getElementInfoToBy(findElementInfoByKey(key));
        ^
  symbol:   class By
  location: class BaseSteps
src\test\java\step\BaseSteps.java:23: error: cannot find symbol
        WebDriverWait webDriverWait = new WebDriverWait(driver, 30);
        ^
  symbol:   class WebDriverWait
  location: class BaseSteps
src\test\java\step\BaseSteps.java:23: error: cannot find symbol
        WebDriverWait webDriverWait = new WebDriverWait(driver, 30);
                                          ^
  symbol:   class WebDriverWait
  location: class BaseSteps
src\test\java\step\BaseSteps.java:24: error: cannot find symbol
        WebElement webElement = webDriverWait
        ^
  symbol:   class WebElement
  location: class BaseSteps
src\test\java\step\BaseSteps.java:25: error: cannot find symbol
                .until(ExpectedConditions.presenceOfElementLocated(infoParam));
                       ^
  symbol:   variable ExpectedConditions
  location: class BaseSteps
src\test\java\step\BaseSteps.java:26: error: cannot find symbol
        ((JavascriptExecutor) driver).executeScript(
          ^
  symbol:   class JavascriptExecutor
  location: class BaseSteps
src\test\java\step\BaseSteps.java:32: error: cannot find symbol
        By by = null;
        ^
  symbol:   class By
  location: class BaseSteps
src\test\java\step\BaseSteps.java:34: error: cannot find symbol
            by = By.cssSelector(elementInfo.getValue());
                 ^
  symbol:   variable By
  location: class BaseSteps
src\test\java\step\BaseSteps.java:36: error: cannot find symbol
            by = By.name(elementInfo.getValue());
                 ^
  symbol:   variable By
  location: class BaseSteps
src\test\java\step\BaseSteps.java:38: error: cannot find symbol
            by = By.id(elementInfo.getValue());
                 ^
  symbol:   variable By
  location: class BaseSteps
src\test\java\step\BaseSteps.java:40: error: cannot find symbol
            by = By.xpath(elementInfo.getValue());
                 ^
  symbol:   variable By
  location: class BaseSteps
src\test\java\step\BaseSteps.java:42: error: cannot find symbol
            by = By.linkText(elementInfo.getValue());
                 ^
  symbol:   variable By
  location: class BaseSteps
src\test\java\step\BaseSteps.java:44: error: cannot find symbol
            by = By.partialLinkText(elementInfo.getValue());
                 ^
  symbol:   variable By
  location: class BaseSteps
src\test\java\step\BaseSteps.java:98: error: cannot find symbol
        WebElement webElement;
        ^
  symbol:   class WebElement
  location: class BaseSteps
src\test\java\step\BaseSteps.java:105: error: cannot find symbol
            } catch (WebDriverException e) {
                     ^
  symbol:   class WebDriverException
  location: class BaseSteps
src\test\java\step\BaseSteps.java:110: error: cannot find symbol
        assertFalse(Boolean.parseBoolean("Element: '" + key + "' doesn't exist."));
        ^
  symbol:   method assertFalse(boolean)
  location: class BaseSteps
src\test\java\step\BaseSteps.java:123: error: cannot find symbol
        By by = getElementInfoToBy(elementInfo);
        ^
  symbol:   class By
  location: class BaseSteps
src\test\java\step\BaseSteps.java:134: error: cannot find symbol
        Assertions.fail(message);
        ^
  symbol:   variable Assertions
  location: class BaseSteps
src\test\java\step\BaseSteps.java:140: error: cannot find symbol
        By by = getElementInfoToBy(elementInfo);
        ^
  symbol:   class By
  location: class BaseSteps
src\test\java\step\BaseSteps.java:151: error: cannot find symbol
        Assertions.fail("Element '" + key + "' still exist.");
        ^
  symbol:   variable Assertions
  location: class BaseSteps
src\test\java\step\BaseSteps.java:176: error: cannot find symbol
        Assertions.fail(
        ^
  symbol:   variable Assertions
  location: class BaseSteps
src\test\java\step\BaseSteps.java:183: error: cannot find symbol
        WebElement element = findElement(key);
        ^
  symbol:   class WebElement
  location: class BaseSteps
src\test\java\step\BaseSteps.java:193: error: cannot find symbol
        Assertions.fail("Element DOESN't have the attribute: '" + attribute + "'");
        ^
  symbol:   variable Assertions
  location: class BaseSteps
src\test\java\step\BaseSteps.java:199: error: cannot find symbol
        WebElement element = findElement(key);
        ^
  symbol:   class WebElement
  location: class BaseSteps
src\test\java\step\BaseSteps.java:211: error: cannot find symbol
        Assertions.fail("Element STILL have the attribute: '" + attribute + "'");
        ^
  symbol:   variable Assertions
  location: class BaseSteps
src\test\java\step\BaseSteps.java:217: error: cannot find symbol
        WebElement element = findElement(key);
        ^
  symbol:   class WebElement
  location: class BaseSteps
src\test\java\step\BaseSteps.java:230: error: cannot find symbol
        Assertions.fail("Element's attribute value doesn't match expected value");
        ^
  symbol:   variable Assertions
  location: class BaseSteps
src\test\java\step\BaseSteps.java:236: error: cannot find symbol
        WebElement element = findElement(key);
        ^
  symbol:   class WebElement
  location: class BaseSteps
src\test\java\step\BaseSteps.java:248: error: cannot find symbol
        Assertions.fail("Element's attribute value doesn't contain expected value");
        ^
  symbol:   variable Assertions
  location: class BaseSteps
src\test\java\step\BaseSteps.java:254: error: cannot find symbol
        assertTrue(containsText, "Expected text is not contained");
        ^
  symbol:   method assertTrue(Boolean,String)
  location: class BaseSteps
src\test\java\step\BaseSteps.java:260: error: cannot find symbol
        WebElement webElement = findElementWithKey(key);
        ^
  symbol:   class WebElement
  location: class BaseSteps
63 errors
